<?xml version="1.0" encoding="UTF-8"?>
<!-- Generated by org.testng.reporters.JUnitXMLReporter -->
<testsuite ignored="0" hostname="HYL-777149" failures="0" tests="4" name="Default test" time="34.662" errors="0" timestamp="2022-07-04T14:37:32 IST">
  <testcase classname="com.amazon.qa.Tests.LandingPageTest" name="ValidateTitle" time="0.635"/>
  <testcase classname="com.amazon.qa.Tests.LandingPageTest" name="HighestPricedPhone" time="0.842"/>
  <testcase classname="com.amazon.qa.Tests.LandingPageTest" name="GetTitle" time="0.431"/>
  <testcase classname="com.amazon.qa.Tests.LandingPageTest" name="Teardown" time="0.81"/>
</testsuite> <!-- Default test -->
